#
# There is insufficient memory for the Java Runtime Environment to continue.
# Native memory allocation (malloc) failed to allocate 520256 bytes for Chunk::new
# Possible reasons:
#   The system is out of physical RAM or swap space
#   In 32 bit mode, the process size limit was hit
# Possible solutions:
#   Reduce memory load on the system
#   Increase physical memory or swap space
#   Check if swap backing store is full
#   Use 64 bit Java on a 64 bit OS
#   Decrease Java heap size (-Xmx/-Xms)
#   Decrease number of Java threads
#   Decrease Java thread stack sizes (-Xss)
#   Set larger code cache with -XX:ReservedCodeCacheSize=
# This output file may be truncated or incomplete.
#
#  Out of Memory Error (allocation.cpp:390), pid=4632, tid=0x000000000000039c
#
# JRE version: OpenJDK Runtime Environment (8.0_152-b01) (build 1.8.0_152-release-1248-b01)
# Java VM: OpenJDK 64-Bit Server VM (25.152-b01 mixed mode windows-amd64 compressed oops)
# Failed to write core dump. Minidumps are not enabled by default on client versions of Windows
#

---------------  T H R E A D  ---------------

Current thread (0x000000001844d800):  JavaThread "C2 CompilerThread2" daemon [_thread_in_native, id=924, stack(0x0000000018e30000,0x0000000018f30000)]

Stack: [0x0000000018e30000,0x0000000018f30000]
[error occurred during error reporting (printing stack bounds), id 0xc0000005]

Native frames: (J=compiled Java code, j=interpreted, Vv=VM code, C=native code)


Current CompileTask:
C2:10627986 29196       4       com.android.tools.r8.ir.optimize.CodeRewriter::simplifyIf (793 bytes)


---------------  P R O C E S S  ---------------

Java Threads: ( => current thread )
  0x000000001deb8000 JavaThread "ForkJoinPool.commonPool-worker-0" daemon [_thread_in_native, id=5904, stack(0x000000004e5b0000,0x000000004e6b0000)]
  0x000000001deb6000 JavaThread "ForkJoinPool.commonPool-worker-7" daemon [_thread_in_native, id=7516, stack(0x000000004e4b0000,0x000000004e5b0000)]
  0x000000001deb3800 JavaThread "ForkJoinPool.commonPool-worker-6" daemon [_thread_in_Java, id=9348, stack(0x000000004e3b0000,0x000000004e4b0000)]
  0x000000001f254800 JavaThread "ForkJoinPool.commonPool-worker-5" daemon [_thread_in_native, id=9296, stack(0x000000004e2b0000,0x000000004e3b0000)]
  0x000000001f256000 JavaThread "ForkJoinPool.commonPool-worker-4" daemon [_thread_in_Java, id=9572, stack(0x000000004e1b0000,0x000000004e2b0000)]
  0x000000001f252000 JavaThread "ForkJoinPool.commonPool-worker-3" daemon [_thread_in_native, id=13316, stack(0x000000004e0b0000,0x000000004e1b0000)]
  0x000000001f253800 JavaThread "ForkJoinPool.commonPool-worker-2" daemon [_thread_in_Java, id=4908, stack(0x000000004dfb0000,0x000000004e0b0000)]
  0x000000001f250800 JavaThread "Cache worker for Java compile cache (C:\Users\jose_\sp-mobile-proyectos\warthon\.gradle\4.10.1\javaCompile)" [_thread_blocked, id=9456, stack(0x000000004deb0000,0x000000004dfb0000)]
  0x000000001f249000 JavaThread "stdout" [_thread_in_native, id=8888, stack(0x000000004ddb0000,0x000000004deb0000)]
  0x000000001f24e800 JavaThread "stderr" [_thread_in_native, id=7140, stack(0x000000004dcb0000,0x000000004ddb0000)]
  0x000000001f250000 JavaThread "pool-23-thread-1" [_thread_blocked, id=7324, stack(0x000000004dbb0000,0x000000004dcb0000)]
  0x000000001f24a800 JavaThread "Cache worker for Build Output Cleanup Cache (C:\Users\jose_\sp-mobile-proyectos\warthon\.gradle\buildOutputCleanup)" [_thread_blocked, id=8704, stack(0x000000004dab0000,0x000000004dbb0000)]
  0x000000001f247800 JavaThread "Cache worker for task history cache (C:\Users\jose_\sp-mobile-proyectos\warthon\.gradle\4.10.1\taskHistory)" [_thread_blocked, id=11716, stack(0x000000004d9b0000,0x000000004dab0000)]
  0x000000001f24d000 JavaThread "Task worker for ':' Thread 7" [_thread_blocked, id=5908, stack(0x000000004d8b0000,0x000000004d9b0000)]
  0x0000000025f59800 JavaThread "Task worker for ':' Thread 6" [_thread_blocked, id=7828, stack(0x000000004d7b0000,0x000000004d8b0000)]
  0x0000000025f57800 JavaThread "Task worker for ':' Thread 5" [_thread_blocked, id=5956, stack(0x000000004d6b0000,0x000000004d7b0000)]
  0x0000000025f55000 JavaThread "Task worker for ':' Thread 4" [_thread_blocked, id=2884, stack(0x000000004d5b0000,0x000000004d6b0000)]
  0x0000000025f56800 JavaThread "Task worker for ':' Thread 3" [_thread_blocked, id=9448, stack(0x000000004d4b0000,0x000000004d5b0000)]
  0x0000000025f56000 JavaThread "Task worker for ':' Thread 2" [_thread_blocked, id=3528, stack(0x000000004d3b0000,0x000000004d4b0000)]
  0x0000000025f5c000 JavaThread "Task worker for ':'" [_thread_blocked, id=3500, stack(0x000000004d2b0000,0x000000004d3b0000)]
  0x0000000025f59000 JavaThread "Cache worker for file content cache (C:\Users\jose_\sp-mobile-proyectos\warthon\.gradle\4.10.1\fileContent)" [_thread_blocked, id=3836, stack(0x000000004d1b0000,0x000000004d2b0000)]
  0x0000000025f50800 JavaThread "Build operations Thread 8" [_thread_blocked, id=12400, stack(0x000000004d0b0000,0x000000004d1b0000)]
  0x0000000025f53000 JavaThread "Build operations Thread 7" [_thread_blocked, id=4488, stack(0x000000004cfb0000,0x000000004d0b0000)]
  0x0000000025f52000 JavaThread "Build operations Thread 6" [_thread_blocked, id=3028, stack(0x000000004ceb0000,0x000000004cfb0000)]
  0x0000000025f4d800 JavaThread "Build operations Thread 5" [_thread_blocked, id=11328, stack(0x000000004cdb0000,0x000000004ceb0000)]
  0x0000000025f51800 JavaThread "Build operations Thread 4" [_thread_blocked, id=12332, stack(0x000000004ccb0000,0x000000004cdb0000)]
  0x0000000025f50000 JavaThread "Build operations Thread 3" [_thread_blocked, id=7436, stack(0x000000004cbb0000,0x000000004ccb0000)]
  0x0000000025f4f000 JavaThread "Build operations Thread 2" [_thread_blocked, id=4104, stack(0x000000004cab0000,0x000000004cbb0000)]
  0x000000001a7f4000 JavaThread "Build operations" [_thread_blocked, id=13544, stack(0x000000004c9b0000,0x000000004cab0000)]
  0x000000001a7f3800 JavaThread "Cache worker for cache directory md-rule (C:\Users\jose_\.gradle\caches\4.10.1\md-rule)" [_thread_blocked, id=3668, stack(0x000000004c8b0000,0x000000004c9b0000)]
  0x000000001a7f2800 JavaThread "Cache worker for cache directory md-supplier (C:\Users\jose_\.gradle\caches\4.10.1\md-supplier)" [_thread_blocked, id=10620, stack(0x000000004c7b0000,0x000000004c8b0000)]
  0x000000001a7f2000 JavaThread "Cache worker for file hash cache (C:\Users\jose_\sp-mobile-proyectos\warthon\.gradle\4.10.1\fileHashes)" [_thread_blocked, id=9768, stack(0x000000004c6b0000,0x000000004c7b0000)]
  0x000000001a7f1000 JavaThread "Stdin handler" [_thread_blocked, id=13208, stack(0x000000004c5b0000,0x000000004c6b0000)]
  0x000000001a7e9800 JavaThread "Asynchronous log dispatcher for DefaultDaemonConnection: socket connection from /127.0.0.1:63312 to /127.0.0.1:51878" [_thread_blocked, id=3764, stack(0x000000004c4b0000,0x000000004c5b0000)]
  0x000000001a7f0800 JavaThread "Daemon worker Thread 9" [_thread_blocked, id=6688, stack(0x000000004c3b0000,0x000000004c4b0000)]
  0x000000001a7ec000 JavaThread "Cancel handler" [_thread_blocked, id=9716, stack(0x000000004c2b0000,0x000000004c3b0000)]
  0x000000001a7e9000 JavaThread "Handler for socket connection from /127.0.0.1:63312 to /127.0.0.1:51878" [_thread_in_native, id=8016, stack(0x000000004c1b0000,0x000000004c2b0000)]
  0x000000001a7ef000 JavaThread "Daemon Thread 9" [_thread_blocked, id=13088, stack(0x000000004c0b0000,0x000000004c1b0000)]
  0x000000001d410000 JavaThread "Cache worker for Java compile cache (C:\Users\jose_\.gradle\caches\4.10.1\javaCompile)" [_thread_blocked, id=1828, stack(0x0000000029910000,0x0000000029a10000)]
  0x000000001f251800 JavaThread "Cache worker for file content cache (C:\Users\jose_\.gradle\caches\4.10.1\fileContent)" [_thread_blocked, id=10536, stack(0x0000000027810000,0x0000000027910000)]
  0x000000001debf000 JavaThread "Memory manager" [_thread_blocked, id=11600, stack(0x0000000023910000,0x0000000023a10000)]
  0x000000001deb5000 JavaThread "pool-1-thread-1" [_thread_blocked, id=13908, stack(0x0000000022e10000,0x0000000022f10000)]
  0x000000001a952000 JavaThread "Cache worker for Artifact transforms cache (C:\Users\jose_\.gradle\caches\transforms-1)" [_thread_blocked, id=12988, stack(0x0000000020930000,0x0000000020a30000)]
  0x000000001a953800 JavaThread "Cache worker for journal cache (C:\Users\jose_\.gradle\caches\journal-1)" [_thread_blocked, id=8712, stack(0x000000001e040000,0x000000001e140000)]
  0x000000001bee5800 JavaThread "File lock request listener" [_thread_in_native, id=12972, stack(0x000000001ce70000,0x000000001cf70000)]
  0x000000001bbf8800 JavaThread "Cache worker for file hash cache (C:\Users\jose_\.gradle\caches\4.10.1\fileHashes)" [_thread_blocked, id=11976, stack(0x000000001cd70000,0x000000001ce70000)]
  0x000000001a322000 JavaThread "Daemon periodic checks" [_thread_blocked, id=776, stack(0x000000001b1a0000,0x000000001b2a0000)]
  0x000000001a30f000 JavaThread "Incoming local TCP Connector on port 63312" [_thread_in_native, id=6344, stack(0x000000001af40000,0x000000001b040000)]
  0x00000000184db000 JavaThread "Service Thread" daemon [_thread_blocked, id=5824, stack(0x0000000019030000,0x0000000019130000)]
  0x0000000018459000 JavaThread "C1 CompilerThread3" daemon [_thread_in_native, id=11784, stack(0x0000000018f30000,0x0000000019030000)]
=>0x000000001844d800 JavaThread "C2 CompilerThread2" daemon [_thread_in_native, id=924, stack(0x0000000018e30000,0x0000000018f30000)]
  0x0000000018447000 JavaThread "C2 CompilerThread1" daemon [_thread_in_native, id=9112, stack(0x0000000018d30000,0x0000000018e30000)]
  0x0000000018455800 JavaThread "C2 CompilerThread0" daemon [_thread_in_native, id=3240, stack(0x0000000018c30000,0x0000000018d30000)]
  0x0000000018454800 JavaThread "Attach Listener" daemon [_thread_blocked, id=3096, stack(0x0000000018b30000,0x0000000018c30000)]
  0x0000000018451800 JavaThread "Signal Dispatcher" daemon [_thread_blocked, id=12460, stack(0x0000000018a30000,0x0000000018b30000)]
  0x0000000018440800 JavaThread "Finalizer" daemon [_thread_blocked, id=2812, stack(0x0000000018820000,0x0000000018920000)]
  0x0000000002776000 JavaThread "Reference Handler" daemon [_thread_blocked, id=488, stack(0x0000000018320000,0x0000000018420000)]
  0x000000000267e800 JavaThread "main" [_thread_blocked, id=912, stack(0x0000000002490000,0x0000000002590000)]

Other Threads:
  0x0000000016536800 VMThread [stack: 0x0000000018220000,0x0000000018320000] [id=11336]
  0x00000000184dc000 WatcherThread [stack: 0x0000000019130000,0x0000000019230000] [id=8752]

VM state:not at safepoint (normal execution)

VM Mutex/Monitor currently owned by a thread: None

Heap:
 PSYoungGen      total 401920K, used 223486K [0x00000000e0000000, 0x00000000fef80000, 0x0000000100000000)
  eden space 292352K, 63% used [0x00000000e0000000,0x00000000eb5dbd08,0x00000000f1d80000)
  from space 109568K, 34% used [0x00000000f8480000,0x00000000fa8e3c78,0x00000000fef80000)
  to   space 105472K, 0% used [0x00000000f1d80000,0x00000000f1d80000,0x00000000f8480000)
 ParOldGen       total 403456K, used 355042K [0x00000000a0000000, 0x00000000b8a00000, 0x00000000e0000000)
  object space 403456K, 88% used [0x00000000a0000000,0x00000000b5ab8b50,0x00000000b8a00000)
 Metaspace       used 99955K, capacity 104876K, committed 105088K, reserved 1140736K
  class space    used 12418K, capacity 13392K, committed 13440K, reserved 1048576K

Card table byte_map: [0x0000000011b40000,0x0000000011e50000] byte_map_base: 0x0000000011640000

Marking Bits: (ParMarkBitMap*) 0x000000005c455aa0
 Begin Bits: [0x0000000012850000, 0x0000000014050000)
 End Bits:   [0x0000000014050000, 0x0000000015850000)

Polling page: 0x0000000000b60000

CodeCache: size=245760Kb used=81370Kb max_used=81370Kb free=164389Kb
 bounds [0x0000000002780000, 0x0000000007770000, 0x0000000011780000]
 total_blobs=22660 nmethods=21759 adapters=812
 compilation: enabled

Compilation events (10 events):
Event: 10626.837 Thread 0x0000000018459000 29226       3       com.android.tools.r8.ir.optimize.CodeRewriter::hasJavacClinitAssertionCode (278 bytes)
Event: 10626.840 Thread 0x0000000018459000 nmethod 29226 0x0000000007737910 code [0x0000000007737d00, 0x0000000007739958]
Event: 10626.846 Thread 0x0000000018459000 29227       2       java.nio.DirectByteBuffer$Deallocator::run (37 bytes)
Event: 10626.847 Thread 0x0000000018459000 nmethod 29227 0x000000000772be90 code [0x000000000772c000, 0x000000000772c1f8]
Event: 10626.859 Thread 0x0000000018459000 29228       2       com.android.tools.r8.ir.optimize.MoveEliminator::shouldBeEliminated (265 bytes)
Event: 10626.862 Thread 0x0000000018459000 nmethod 29228 0x000000000772a3d0 code [0x000000000772a6a0, 0x000000000772b138]
Event: 10626.862 Thread 0x0000000018459000 29229       3       com.android.tools.r8.ir.code.IRCode::computeLiveAtEntrySets (804 bytes)
Event: 10626.867 Thread 0x0000000018459000 nmethod 29229 0x000000000773a9d0 code [0x000000000773b080, 0x000000000773fa28]
Event: 10626.874 Thread 0x0000000018459000 29231       2       com.android.tools.r8.it.unimi.dsi.fastutil.objects.Object2ObjectLinkedOpenCustomHashMap::put (34 bytes)
Event: 10626.875 Thread 0x0000000018459000 nmethod 29231 0x0000000007729e90 code [0x000000000772a000, 0x000000000772a248]

GC Heap History (10 events):
Event: 7047.451 GC heap before
{Heap before GC invocations=70 (full 6):
 PSYoungGen      total 276992K, used 276395K [0x00000000e0000000, 0x00000000ff680000, 0x0000000100000000)
  eden space 258560K, 99% used [0x00000000e0000000,0x00000000efc5e7a8,0x00000000efc80000)
  from space 18432K, 97% used [0x00000000efc80000,0x00000000f0e0c630,0x00000000f0e80000)
  to   space 126976K, 0% used [0x00000000f7a80000,0x00000000f7a80000,0x00000000ff680000)
 ParOldGen       total 403456K, used 336732K [0x00000000a0000000, 0x00000000b8a00000, 0x00000000e0000000)
  object space 403456K, 83% used [0x00000000a0000000,0x00000000b48d7008,0x00000000b8a00000)
 Metaspace       used 99618K, capacity 104432K, committed 104576K, reserved 1140736K
  class space    used 12407K, capacity 13346K, committed 13440K, reserved 1048576K
Event: 7047.459 GC heap after
Heap after GC invocations=70 (full 6):
 PSYoungGen      total 390144K, used 2217K [0x00000000e0000000, 0x0000000100000000, 0x0000000100000000)
  eden space 263168K, 0% used [0x00000000e0000000,0x00000000e0000000,0x00000000f0100000)
  from space 126976K, 1% used [0x00000000f7a80000,0x00000000f7caa4e0,0x00000000ff680000)
  to   space 124416K, 0% used [0x00000000f0100000,0x00000000f0100000,0x00000000f7a80000)
 ParOldGen       total 403456K, used 344595K [0x00000000a0000000, 0x00000000b8a00000, 0x00000000e0000000)
  object space 403456K, 85% used [0x00000000a0000000,0x00000000b5084fe8,0x00000000b8a00000)
 Metaspace       used 99618K, capacity 104432K, committed 104576K, reserved 1140736K
  class space    used 12407K, capacity 13346K, committed 13440K, reserved 1048576K
}
Event: 7047.507 GC heap before
{Heap before GC invocations=71 (full 6):
 PSYoungGen      total 390144K, used 265385K [0x00000000e0000000, 0x0000000100000000, 0x0000000100000000)
  eden space 263168K, 100% used [0x00000000e0000000,0x00000000f0100000,0x00000000f0100000)
  from space 126976K, 1% used [0x00000000f7a80000,0x00000000f7caa4e0,0x00000000ff680000)
  to   space 124416K, 0% used [0x00000000f0100000,0x00000000f0100000,0x00000000f7a80000)
 ParOldGen       total 403456K, used 344595K [0x00000000a0000000, 0x00000000b8a00000, 0x00000000e0000000)
  object space 403456K, 85% used [0x00000000a0000000,0x00000000b5084fe8,0x00000000b8a00000)
 Metaspace       used 99618K, capacity 104432K, committed 104576K, reserved 1140736K
  class space    used 12407K, capacity 13346K, committed 13440K, reserved 1048576K
Event: 7047.511 GC heap after
Heap after GC invocations=71 (full 6):
 PSYoungGen      total 387584K, used 256K [0x00000000e0000000, 0x00000000ff880000, 0x0000000100000000)
  eden space 263168K, 0% used [0x00000000e0000000,0x00000000e0000000,0x00000000f0100000)
  from space 124416K, 0% used [0x00000000f0100000,0x00000000f0140000,0x00000000f7a80000)
  to   space 121856K, 0% used [0x00000000f8180000,0x00000000f8180000,0x00000000ff880000)
 ParOldGen       total 403456K, used 345846K [0x00000000a0000000, 0x00000000b8a00000, 0x00000000e0000000)
  object space 403456K, 85% used [0x00000000a0000000,0x00000000b51bd810,0x00000000b8a00000)
 Metaspace       used 99618K, capacity 104432K, committed 104576K, reserved 1140736K
  class space    used 12407K, capacity 13346K, committed 13440K, reserved 1048576K
}
Event: 10612.450 GC heap before
{Heap before GC invocations=72 (full 6):
 PSYoungGen      total 387584K, used 263424K [0x00000000e0000000, 0x00000000ff880000, 0x0000000100000000)
  eden space 263168K, 100% used [0x00000000e0000000,0x00000000f0100000,0x00000000f0100000)
  from space 124416K, 0% used [0x00000000f0100000,0x00000000f0140000,0x00000000f7a80000)
  to   space 121856K, 0% used [0x00000000f8180000,0x00000000f8180000,0x00000000ff880000)
 ParOldGen       total 403456K, used 345846K [0x00000000a0000000, 0x00000000b8a00000, 0x00000000e0000000)
  object space 403456K, 85% used [0x00000000a0000000,0x00000000b51bd810,0x00000000b8a00000)
 Metaspace       used 99726K, capacity 104566K, committed 104832K, reserved 1140736K
  class space    used 12414K, capacity 13357K, committed 13440K, reserved 1048576K
Event: 10612.457 GC heap after
Heap after GC invocations=72 (full 6):
 PSYoungGen      total 395776K, used 4186K [0x00000000e0000000, 0x00000000ff580000, 0x0000000100000000)
  eden space 276992K, 0% used [0x00000000e0000000,0x00000000e0000000,0x00000000f0e80000)
  from space 118784K, 3% used [0x00000000f8180000,0x00000000f8596920,0x00000000ff580000)
  to   space 117760K, 0% used [0x00000000f0e80000,0x00000000f0e80000,0x00000000f8180000)
 ParOldGen       total 403456K, used 345894K [0x00000000a0000000, 0x00000000b8a00000, 0x00000000e0000000)
  object space 403456K, 85% used [0x00000000a0000000,0x00000000b51c9810,0x00000000b8a00000)
 Metaspace       used 99726K, capacity 104566K, committed 104832K, reserved 1140736K
  class space    used 12414K, capacity 13357K, committed 13440K, reserved 1048576K
}
Event: 10617.882 GC heap before
{Heap before GC invocations=73 (full 6):
 PSYoungGen      total 395776K, used 281178K [0x00000000e0000000, 0x00000000ff580000, 0x0000000100000000)
  eden space 276992K, 100% used [0x00000000e0000000,0x00000000f0e80000,0x00000000f0e80000)
  from space 118784K, 3% used [0x00000000f8180000,0x00000000f8596920,0x00000000ff580000)
  to   space 117760K, 0% used [0x00000000f0e80000,0x00000000f0e80000,0x00000000f8180000)
 ParOldGen       total 403456K, used 345918K [0x00000000a0000000, 0x00000000b8a00000, 0x00000000e0000000)
  object space 403456K, 85% used [0x00000000a0000000,0x00000000b51cfb60,0x00000000b8a00000)
 Metaspace       used 99927K, capacity 104812K, committed 105088K, reserved 1140736K
  class space    used 12418K, capacity 13392K, committed 13440K, reserved 1048576K
Event: 10617.904 GC heap after
Heap after GC invocations=73 (full 6):
 PSYoungGen      total 394752K, used 20771K [0x00000000e0000000, 0x00000000ff000000, 0x0000000100000000)
  eden space 276992K, 0% used [0x00000000e0000000,0x00000000e0000000,0x00000000f0e80000)
  from space 117760K, 17% used [0x00000000f0e80000,0x00000000f22c8ef8,0x00000000f8180000)
  to   space 110080K, 0% used [0x00000000f8480000,0x00000000f8480000,0x00000000ff000000)
 ParOldGen       total 403456K, used 349635K [0x00000000a0000000, 0x00000000b8a00000, 0x00000000e0000000)
  object space 403456K, 86% used [0x00000000a0000000,0x00000000b5570cd0,0x00000000b8a00000)
 Metaspace       used 99927K, capacity 104812K, committed 105088K, reserved 1140736K
  class space    used 12418K, capacity 13392K, committed 13440K, reserved 1048576K
}
Event: 10626.277 GC heap before
{Heap before GC invocations=74 (full 6):
 PSYoungGen      total 394752K, used 297763K [0x00000000e0000000, 0x00000000ff000000, 0x0000000100000000)
  eden space 276992K, 100% used [0x00000000e0000000,0x00000000f0e80000,0x00000000f0e80000)
  from space 117760K, 17% used [0x00000000f0e80000,0x00000000f22c8ef8,0x00000000f8180000)
  to   space 110080K, 0% used [0x00000000f8480000,0x00000000f8480000,0x00000000ff000000)
 ParOldGen       total 403456K, used 349637K [0x00000000a0000000, 0x00000000b8a00000, 0x00000000e0000000)
  object space 403456K, 86% used [0x00000000a0000000,0x00000000b5571560,0x00000000b8a00000)
 Metaspace       used 99946K, capacity 104876K, committed 105088K, reserved 1140736K
  class space    used 12418K, capacity 13392K, committed 13440K, reserved 1048576K
Event: 10626.304 GC heap after
Heap after GC invocations=74 (full 6):
 PSYoungGen      total 401920K, used 37263K [0x00000000e0000000, 0x00000000fef80000, 0x0000000100000000)
  eden space 292352K, 0% used [0x00000000e0000000,0x00000000e0000000,0x00000000f1d80000)
  from space 109568K, 34% used [0x00000000f8480000,0x00000000fa8e3c78,0x00000000fef80000)
  to   space 105472K, 0% used [0x00000000f1d80000,0x00000000f1d80000,0x00000000f8480000)
 ParOldGen       total 403456K, used 355042K [0x00000000a0000000, 0x00000000b8a00000, 0x00000000e0000000)
  object space 403456K, 88% used [0x00000000a0000000,0x00000000b5ab8b50,0x00000000b8a00000)
 Metaspace       used 99946K, capacity 104876K, committed 105088K, reserved 1140736K
  class space    used 12418K, capacity 13392K, committed 13440K, reserved 1048576K
}

Deoptimization events (10 events):
Event: 10617.408 Thread 0x000000001f254800 Uncommon trap: reason=unstable_if action=reinterpret pc=0x0000000004d5ca9c method=org.objectweb.asm.MethodVisitor.visitIntInsn(II)V @ 4
Event: 10626.214 Thread 0x000000001f254800 Uncommon trap: reason=unstable_if action=reinterpret pc=0x00000000072fbbf8 method=com.android.tools.r8.ir.conversion.IRBuilder.insertDebugPositions()Z @ 148
Event: 10626.272 Thread 0x000000001f253800 Uncommon trap: reason=unstable_if action=reinterpret pc=0x000000000730f79c method=com.android.tools.r8.ir.optimize.CodeRewriter.simplifyDebugLocals(Lcom/android/tools/r8/ir/code/IRCode;)V @ 157
Event: 10626.418 Thread 0x000000001f253800 Uncommon trap: reason=bimorphic action=maybe_recompile pc=0x0000000006007efc method=com.android.tools.r8.ir.regalloc.LinearScanRegisterAllocator.performLinearScan(Lcom/android/tools/r8/ir/regalloc/LinearScanRegisterAllocator$ArgumentReuseMode;)Z @ 234
Event: 10626.444 Thread 0x000000001f253800 Uncommon trap: reason=unstable_if action=reinterpret pc=0x0000000003f5c424 method=com.android.tools.r8.ir.regalloc.SpillMoveSet.scheduleAndInsertMoves(I)I @ 118
Event: 10626.597 Thread 0x000000001f253800 Uncommon trap: reason=bimorphic action=maybe_recompile pc=0x0000000006007efc method=com.android.tools.r8.ir.regalloc.LinearScanRegisterAllocator.performLinearScan(Lcom/android/tools/r8/ir/regalloc/LinearScanRegisterAllocator$ArgumentReuseMode;)Z @ 234
Event: 10626.855 Thread 0x000000001f252000 Uncommon trap: reason=unstable_if action=reinterpret pc=0x00000000072e7190 method=com.android.tools.r8.ir.optimize.ConstantCanonicalizer.canonicalize(Lcom/android/tools/r8/ir/code/IRCode;)V @ 86
Event: 10626.855 Thread 0x000000001f252000 Uncommon trap: reason=unstable_if action=reinterpret pc=0x000000000737d160 method=com.android.tools.r8.ir.code.IRCode.computeLiveAtEntrySets()Ljava/util/Map; @ 613
Event: 10626.855 Thread 0x000000001f252000 Uncommon trap: reason=unstable_if action=reinterpret pc=0x0000000007302d80 method=com.android.tools.r8.ir.optimize.PeepholeOptimizer.shareIdenticalBlockSuffix(Lcom/android/tools/r8/ir/code/IRCode;Lcom/android/tools/r8/ir/regalloc/RegisterAllocator;)V @ 50
Event: 10626.859 Thread 0x000000001f253800 Uncommon trap: reason=unstable_if action=reinterpret pc=0x00000000072b2e0c method=com.android.tools.r8.ir.optimize.MoveEliminator.shouldBeEliminated(Lcom/android/tools/r8/ir/code/Instruction;)Z @ 133

Classes redefined (0 events):
No events

Internal exceptions (10 events):
Event: 10626.826 Thread 0x000000001deb8000 Exception <a 'sun/nio/fs/WindowsException'> (0x00000000e7cc0480) thrown at [D:\src\AOSP-openjdk-cygwin\jdk8u\hotspot\src\share\vm\prims\jni.cpp, line 709]
Event: 10626.828 Thread 0x000000001deb3800 Exception <a 'sun/nio/fs/WindowsException'> (0x00000000e6eb4c00) thrown at [D:\src\AOSP-openjdk-cygwin\jdk8u\hotspot\src\share\vm\prims\jni.cpp, line 709]
Event: 10626.833 Thread 0x000000001f256000 Exception <a 'sun/nio/fs/WindowsException'> (0x00000000e7ea4150) thrown at [D:\src\AOSP-openjdk-cygwin\jdk8u\hotspot\src\share\vm\prims\jni.cpp, line 709]
Event: 10626.840 Thread 0x000000001f256000 Exception <a 'sun/nio/fs/WindowsException'> (0x00000000e7eea550) thrown at [D:\src\AOSP-openjdk-cygwin\jdk8u\hotspot\src\share\vm\prims\jni.cpp, line 709]
Event: 10626.847 Thread 0x000000001deb8000 Exception <a 'sun/nio/fs/WindowsException'> (0x00000000e7d04e28) thrown at [D:\src\AOSP-openjdk-cygwin\jdk8u\hotspot\src\share\vm\prims\jni.cpp, line 709]
Event: 10626.852 Thread 0x000000001deb6000 Exception <a 'sun/nio/fs/WindowsException'> (0x00000000e79fffe8) thrown at [D:\src\AOSP-openjdk-cygwin\jdk8u\hotspot\src\share\vm\prims\jni.cpp, line 709]
Event: 10626.852 Thread 0x000000001f256000 Exception <a 'sun/nio/fs/WindowsException'> (0x00000000e7eef220) thrown at [D:\src\AOSP-openjdk-cygwin\jdk8u\hotspot\src\share\vm\prims\jni.cpp, line 709]
Event: 10626.864 Thread 0x000000001f254800 Exception <a 'sun/nio/fs/WindowsException'> (0x00000000e7820d48) thrown at [D:\src\AOSP-openjdk-cygwin\jdk8u\hotspot\src\share\vm\prims\jni.cpp, line 709]
Event: 10626.865 Thread 0x000000001deb8000 Exception <a 'sun/nio/fs/WindowsException'> (0x00000000e89469b0) thrown at [D:\src\AOSP-openjdk-cygwin\jdk8u\hotspot\src\share\vm\prims\jni.cpp, line 709]
Event: 10626.868 Thread 0x000000001f254800 Exception <a 'sun/nio/fs/WindowsException'> (0x00000000e8a34f40) thrown at [D:\src\AOSP-openjdk-cygwin\jdk8u\hotspot\src\share\vm\prims\jni.cpp, line 709]

Events (10 events):
Event: 10626.855 Thread 0x000000001f252000 Uncommon trap: trap_request=0xffffff65 fr.pc=0x0000000007302d80
Event: 10626.856 Thread 0x000000001f252000 DEOPT PACKING pc=0x0000000007302d80 sp=0x000000004e1adc30
Event: 10626.856 Thread 0x000000001f252000 DEOPT UNPACKING pc=0x00000000027c557b sp=0x000000004e1adc28 mode 2
Event: 10626.856 Executing VM operation: RevokeBias
Event: 10626.857 Executing VM operation: RevokeBias done
Event: 10626.859 Thread 0x000000001f253800 Uncommon trap: trap_request=0xffffff65 fr.pc=0x00000000072b2e0c
Event: 10626.859 Thread 0x000000001f253800 DEOPT PACKING pc=0x00000000072b2e0c sp=0x000000004e0adbf0
Event: 10626.859 Thread 0x000000001f253800 DEOPT UNPACKING pc=0x00000000027c557b sp=0x000000004e0adb88 mode 2
Event: 10626.871 Thread 0x000000001f253800 DEOPT PACKING pc=0x0000000007278270 sp=0x000000004e0ad710
Event: 10626.871 Thread 0x000000001f253800 DEOPT UNPACKING pc=0x00000000027c75d0 sp=0x000000004e0ad600 mode 0


Dynamic libraries:
0x00007ff642260000 - 0x00007ff642291000 	C:\Program Files\Android\Android Studio\jre\bin\java.exe
0x00007ff900260000 - 0x00007ff900441000 	C:\WINDOWS\SYSTEM32\ntdll.dll
0x00007ff8fd770000 - 0x00007ff8fd822000 	C:\WINDOWS\System32\KERNEL32.DLL
0x00007ff8fc920000 - 0x00007ff8fcb93000 	C:\WINDOWS\System32\KERNELBASE.dll
0x00007ff8ff290000 - 0x00007ff8ff331000 	C:\WINDOWS\System32\ADVAPI32.dll
0x00007ff8ff570000 - 0x00007ff8ff60e000 	C:\WINDOWS\System32\msvcrt.dll
0x00007ff8ff6e0000 - 0x00007ff8ff73b000 	C:\WINDOWS\System32\sechost.dll
0x00007ff8ff350000 - 0x00007ff8ff474000 	C:\WINDOWS\System32\RPCRT4.dll
0x00007ff8fecb0000 - 0x00007ff8fee40000 	C:\WINDOWS\System32\USER32.dll
0x00007ff8fd3e0000 - 0x00007ff8fd400000 	C:\WINDOWS\System32\win32u.dll
0x00007ff8fec70000 - 0x00007ff8fec98000 	C:\WINDOWS\System32\GDI32.dll
0x00007ff8fd400000 - 0x00007ff8fd592000 	C:\WINDOWS\System32\gdi32full.dll
0x00007ff8fd5a0000 - 0x00007ff8fd63f000 	C:\WINDOWS\System32\msvcp_win.dll
0x00007ff8fc630000 - 0x00007ff8fc72a000 	C:\WINDOWS\System32\ucrtbase.dll
0x00007ff8f17c0000 - 0x00007ff8f1a29000 	C:\WINDOWS\WinSxS\amd64_microsoft.windows.common-controls_6595b64144ccf1df_6.0.17134.523_none_fb409dd930672a56\COMCTL32.dll
0x00007ff8fee40000 - 0x00007ff8ff162000 	C:\WINDOWS\System32\combase.dll
0x00007ff8fcba0000 - 0x00007ff8fcc1a000 	C:\WINDOWS\System32\bcryptPrimitives.dll
0x00007ff900200000 - 0x00007ff90022d000 	C:\WINDOWS\System32\IMM32.DLL
0x000000005bad0000 - 0x000000005bba2000 	C:\Program Files\Android\Android Studio\jre\jre\bin\msvcr100.dll
0x000000005bc90000 - 0x000000005c4d1000 	C:\Program Files\Android\Android Studio\jre\jre\bin\server\jvm.dll
0x00007ff8feca0000 - 0x00007ff8feca8000 	C:\WINDOWS\System32\PSAPI.DLL
0x00007ff8f7150000 - 0x00007ff8f7159000 	C:\WINDOWS\SYSTEM32\WSOCK32.dll
0x00007ff8f9b20000 - 0x00007ff8f9b2a000 	C:\WINDOWS\SYSTEM32\VERSION.dll
0x00007ff8f9800000 - 0x00007ff8f9823000 	C:\WINDOWS\SYSTEM32\WINMM.dll
0x00007ff8ff220000 - 0x00007ff8ff28c000 	C:\WINDOWS\System32\WS2_32.dll
0x00007ff8f97b0000 - 0x00007ff8f97da000 	C:\WINDOWS\SYSTEM32\winmmbase.dll
0x00007ff8fd6a0000 - 0x00007ff8fd6e9000 	C:\WINDOWS\System32\cfgmgr32.dll
0x00007ff8f8bb0000 - 0x00007ff8f8bbf000 	C:\Program Files\Android\Android Studio\jre\jre\bin\verify.dll
0x00007ff8f5360000 - 0x00007ff8f5389000 	C:\Program Files\Android\Android Studio\jre\jre\bin\java.dll
0x00007ff8f4e80000 - 0x00007ff8f4e96000 	C:\Program Files\Android\Android Studio\jre\jre\bin\zip.dll
0x00007ff8fd830000 - 0x00007ff8fec70000 	C:\WINDOWS\System32\SHELL32.dll
0x00007ff8ff740000 - 0x00007ff8ff7e9000 	C:\WINDOWS\System32\shcore.dll
0x00007ff8fcc20000 - 0x00007ff8fd32d000 	C:\WINDOWS\System32\windows.storage.dll
0x00007ff8ff7f0000 - 0x00007ff8ff841000 	C:\WINDOWS\System32\shlwapi.dll
0x00007ff8fc5f0000 - 0x00007ff8fc601000 	C:\WINDOWS\System32\kernel.appcore.dll
0x00007ff8fc610000 - 0x00007ff8fc62f000 	C:\WINDOWS\System32\profapi.dll
0x00007ff8fc580000 - 0x00007ff8fc5cc000 	C:\WINDOWS\System32\powrprof.dll
0x00007ff8fc570000 - 0x00007ff8fc57a000 	C:\WINDOWS\System32\FLTLIB.DLL
0x00007ff8f42d0000 - 0x00007ff8f42ea000 	C:\Program Files\Android\Android Studio\jre\jre\bin\net.dll
0x00007ff8fbd90000 - 0x00007ff8fbdf6000 	C:\WINDOWS\system32\mswsock.dll
0x00007ff8f4220000 - 0x00007ff8f4231000 	C:\Program Files\Android\Android Studio\jre\jre\bin\nio.dll
0x00007ff8edd00000 - 0x00007ff8edd1e000 	C:\Users\jose_\.gradle\native\25\windows-amd64\native-platform.dll
0x00007ff8f8ba0000 - 0x00007ff8f8bad000 	C:\Program Files\Android\Android Studio\jre\jre\bin\management.dll
0x00007ff8fbf50000 - 0x00007ff8fbf67000 	C:\WINDOWS\SYSTEM32\CRYPTSP.dll
0x00007ff8fb970000 - 0x00007ff8fb9a3000 	C:\WINDOWS\system32\rsaenh.dll
0x00007ff8fc070000 - 0x00007ff8fc095000 	C:\WINDOWS\SYSTEM32\bcrypt.dll
0x00007ff8fc470000 - 0x00007ff8fc498000 	C:\WINDOWS\SYSTEM32\USERENV.dll
0x00007ff8fbf40000 - 0x00007ff8fbf4b000 	C:\WINDOWS\SYSTEM32\CRYPTBASE.dll
0x00007ff8fbb10000 - 0x00007ff8fbb48000 	C:\WINDOWS\SYSTEM32\IPHLPAPI.DLL
0x00007ff8ff340000 - 0x00007ff8ff348000 	C:\WINDOWS\System32\NSI.dll
0x00007ff8f5ba0000 - 0x00007ff8f5bb6000 	C:\WINDOWS\SYSTEM32\dhcpcsvc6.DLL
0x00007ff8f56d0000 - 0x00007ff8f56ea000 	C:\WINDOWS\SYSTEM32\dhcpcsvc.DLL
0x00007ff8f0410000 - 0x00007ff8f0434000 	C:\Program Files\Android\Android Studio\jre\jre\bin\sunec.dll
0x00007ff8fbb50000 - 0x00007ff8fbc0e000 	C:\WINDOWS\SYSTEM32\DNSAPI.dll
0x00007ff8f1d30000 - 0x00007ff8f1d3a000 	C:\Windows\System32\rasadhlp.dll
0x00007ff8f0ab0000 - 0x00007ff8f0b22000 	C:\WINDOWS\System32\fwpuclnt.dll
0x00007ff8f3f70000 - 0x00007ff8f3f7b000 	C:\Program Files\Android\Android Studio\jre\jre\bin\sunmscapi.dll
0x00007ff8fc730000 - 0x00007ff8fc912000 	C:\WINDOWS\System32\CRYPT32.dll
0x00007ff8fc5d0000 - 0x00007ff8fc5e2000 	C:\WINDOWS\System32\MSASN1.dll
0x00007ff8fb660000 - 0x00007ff8fb691000 	C:\WINDOWS\SYSTEM32\ntmarta.dll

VM Arguments:
jvm_args: -Xmx1536m -Dfile.encoding=windows-1252 -Duser.country=PE -Duser.language=es -Duser.variant 
java_command: org.gradle.launcher.daemon.bootstrap.GradleDaemon 4.10.1
java_class_path (initial): C:\Users\jose_\.gradle\wrapper\dists\gradle-4.10.1-all\455itskqi2qtf0v2sja68alqd\gradle-4.10.1\lib\gradle-launcher-4.10.1.jar
Launcher Type: SUN_STANDARD

Environment Variables:
JAVA_HOME=C:\Program Files\Java\jdk1.8.0_151
JRE_HOME=C:\Program Files\Java\jre1.8.0_171
PATH=C:\Program Files (x86)\Common Files\Oracle\Java\javapath;C:\ProgramData\Oracle\Java\javapath;C:\WINDOWS\system32;C:\WINDOWS;C:\WINDOWS\System32\Wbem;C:\WINDOWS\System32\WindowsPowerShell\v1.0\;C:\apache-maven-3.5.2\bin;C:\WINDOWS\system32,C:\Program Files\Java\jdk1.8.0_151\bin;C:\Program Files\Git\cmd;C:\Program Files\Dart\dart-sdk\bin;C:\Program Files\nodejs\;C:\WINDOWS\System32\OpenSSH\;C:\ProgramData\chocolatey\bin;C:\Program Files\PuTTY\;c:\Program Files (x86)\Microsoft SQL Server\110\Tools\Binn\;c:\Program Files\Microsoft SQL Server\110\Tools\Binn\;c:\Program Files\Microsoft SQL Server\110\DTS\Binn\;c:\Program Files (x86)\Microsoft SQL Server\110\Tools\Binn\ManagementStudio\;c:\Program Files (x86)\Microsoft Visual Studio 10.0\Common7\IDE\PrivateAssemblies\;c:\Program Files (x86)\Microsoft SQL Server\110\DTS\Binn\;C:\Program Files\Microsoft VS Code\bin;C:\Users\jose_\AppData\Local\Microsoft\WindowsApps;C:\Users\jose_\AppData\Roaming\npm;C:\Program Files\Microsoft VS Code\bin;;
USERNAME=jose
OS=Windows_NT
PROCESSOR_IDENTIFIER=Intel64 Family 6 Model 94 Stepping 3, GenuineIntel



---------------  S Y S T E M  ---------------

OS: Windows 10.0 , 64 bit Build 17134 (10.0.17134.1)

CPU:total 8 (initial active 8) (4 cores per cpu, 2 threads per core) family 6 model 94 stepping 3, cmov, cx8, fxsr, mmx, sse, sse2, sse3, ssse3, sse4.1, sse4.2, popcnt, avx, avx2, aes, clmul, erms, rtm, 3dnowpref, lzcnt, ht, tsc, tscinvbit, bmi1, bmi2, adx

Memory: 4k page, physical 8278796k(390264k free), swap 8278796k(2912k free)

vm_info: OpenJDK 64-Bit Server VM (25.152-b01) for windows-amd64 JRE (1.8.0_152-release-1248-b01), built by "builder" with MS VC++ 10.0 (VS2010)

time: Sat Feb 02 16:45:27 2019
elapsed time: 10626 seconds (0d 2h 57m 6s)

